1770783749.310447 client started (493617): version 3.4, socket /tmp/tmux-1000/default, protocol 8
1770783749.310486 on Linux 6.8.0-1030-azure #35~22.04.1-Ubuntu SMP Mon May 26 18:08:30 UTC 2025
1770783749.310508 using libevent 2.1.12-stable poll
1770783749.310532 using ncurses 6.4 20240113
1770783749.310563 flags are 0x18010000
1770783749.310590 socket is /tmp/tmux-1000/default
1770783749.310632 trying connect
1770783749.310668 connect failed: No such file or directory
1770783749.310702 lock file is /tmp/tmux-1000/default.lock
1770783749.310761 flock succeeded
1770783749.310803 got lock (7)
1770783749.310825 trying connect
1770783749.311185 connect failed: No such file or directory
1770783749.311671 add peer 0x64cbd99bb3f0: 8 ((nil))
1770783749.338903 sending message 100 to peer 0x64cbd99bb3f0 (4 bytes)
1770783749.339095 sending message 111 to peer 0x64cbd99bb3f0 (8 bytes)
1770783749.339250 sending message 101 to peer 0x64cbd99bb3f0 (15 bytes)
1770783749.339550 sending message 109 to peer 0x64cbd99bb3f0 (4 bytes)
1770783749.339804 sending message 102 to peer 0x64cbd99bb3f0 (11 bytes)
1770783749.340043 sending message 108 to peer 0x64cbd99bb3f0 (29 bytes)
1770783749.340303 sending message 112 to peer 0x64cbd99bb3f0 (58 bytes)
1770783749.340728 sending message 112 to peer 0x64cbd99bb3f0 (5 bytes)
1770783749.341272 sending message 112 to peer 0x64cbd99bb3f0 (5 bytes)
1770783749.341598 sending message 112 to peer 0x64cbd99bb3f0 (6 bytes)
1770783749.341992 sending message 112 to peer 0x64cbd99bb3f0 (6 bytes)
1770783749.342524 sending message 112 to peer 0x64cbd99bb3f0 (11 bytes)
1770783749.342558 sending message 112 to peer 0x64cbd99bb3f0 (10 bytes)
1770783749.342590 sending message 112 to peer 0x64cbd99bb3f0 (13 bytes)
1770783749.342612 sending message 112 to peer 0x64cbd99bb3f0 (14 bytes)
1770783749.342643 sending message 112 to peer 0x64cbd99bb3f0 (19 bytes)
1770783749.342671 sending message 112 to peer 0x64cbd99bb3f0 (11 bytes)
1770783749.342697 sending message 112 to peer 0x64cbd99bb3f0 (10 bytes)
1770783749.342724 sending message 112 to peer 0x64cbd99bb3f0 (15 bytes)
1770783749.342746 sending message 112 to peer 0x64cbd99bb3f0 (21 bytes)
1770783749.342776 sending message 112 to peer 0x64cbd99bb3f0 (13 bytes)
1770783749.342817 sending message 112 to peer 0x64cbd99bb3f0 (7 bytes)
1770783749.342847 sending message 112 to peer 0x64cbd99bb3f0 (13 bytes)
1770783749.342870 sending message 112 to peer 0x64cbd99bb3f0 (7 bytes)
1770783749.342898 sending message 112 to peer 0x64cbd99bb3f0 (13 bytes)
1770783749.342928 sending message 112 to peer 0x64cbd99bb3f0 (9 bytes)
1770783749.342941 sending message 112 to peer 0x64cbd99bb3f0 (21 bytes)
1770783749.342969 sending message 112 to peer 0x64cbd99bb3f0 (13 bytes)
1770783749.343003 sending message 112 to peer 0x64cbd99bb3f0 (9 bytes)
1770783749.343026 sending message 112 to peer 0x64cbd99bb3f0 (16 bytes)
1770783749.343054 sending message 112 to peer 0x64cbd99bb3f0 (13 bytes)
1770783749.343076 sending message 112 to peer 0x64cbd99bb3f0 (9 bytes)
1770783749.343108 sending message 112 to peer 0x64cbd99bb3f0 (9 bytes)
1770783749.343138 sending message 112 to peer 0x64cbd99bb3f0 (12 bytes)
1770783749.343164 sending message 112 to peer 0x64cbd99bb3f0 (8 bytes)
1770783749.343189 sending message 112 to peer 0x64cbd99bb3f0 (8 bytes)
1770783749.343214 sending message 112 to peer 0x64cbd99bb3f0 (13 bytes)
1770783749.343235 sending message 112 to peer 0x64cbd99bb3f0 (7 bytes)
1770783749.343266 sending message 112 to peer 0x64cbd99bb3f0 (7 bytes)
1770783749.343295 sending message 112 to peer 0x64cbd99bb3f0 (9 bytes)
1770783749.343316 sending message 112 to peer 0x64cbd99bb3f0 (9 bytes)
1770783749.343343 sending message 112 to peer 0x64cbd99bb3f0 (15 bytes)
1770783749.343366 sending message 112 to peer 0x64cbd99bb3f0 (13 bytes)
1770783749.343395 sending message 112 to peer 0x64cbd99bb3f0 (12 bytes)
1770783749.343421 sending message 112 to peer 0x64cbd99bb3f0 (8 bytes)
1770783749.343443 sending message 112 to peer 0x64cbd99bb3f0 (14 bytes)
1770783749.343469 sending message 112 to peer 0x64cbd99bb3f0 (11 bytes)
1770783749.343501 sending message 112 to peer 0x64cbd99bb3f0 (9 bytes)
1770783749.343531 sending message 112 to peer 0x64cbd99bb3f0 (10 bytes)
1770783749.343558 sending message 112 to peer 0x64cbd99bb3f0 (10 bytes)
1770783749.343581 sending message 112 to peer 0x64cbd99bb3f0 (10 bytes)
1770783749.343598 sending message 112 to peer 0x64cbd99bb3f0 (10 bytes)
1770783749.343619 sending message 112 to peer 0x64cbd99bb3f0 (11 bytes)
1770783749.343640 sending message 112 to peer 0x64cbd99bb3f0 (12 bytes)
1770783749.343658 sending message 112 to peer 0x64cbd99bb3f0 (12 bytes)
1770783749.343679 sending message 112 to peer 0x64cbd99bb3f0 (12 bytes)
1770783749.343700 sending message 112 to peer 0x64cbd99bb3f0 (12 bytes)
1770783749.343720 sending message 112 to peer 0x64cbd99bb3f0 (12 bytes)
1770783749.343739 sending message 112 to peer 0x64cbd99bb3f0 (11 bytes)
1770783749.343755 sending message 112 to peer 0x64cbd99bb3f0 (11 bytes)
1770783749.343778 sending message 112 to peer 0x64cbd99bb3f0 (12 bytes)
1770783749.346347 sending message 112 to peer 0x64cbd99bb3f0 (12 bytes)
1770783749.346624 sending message 112 to peer 0x64cbd99bb3f0 (12 bytes)
1770783749.346842 sending message 112 to peer 0x64cbd99bb3f0 (12 bytes)
1770783749.347066 sending message 112 to peer 0x64cbd99bb3f0 (12 bytes)
1770783749.347239 sending message 112 to peer 0x64cbd99bb3f0 (9 bytes)
1770783749.347396 sending message 112 to peer 0x64cbd99bb3f0 (12 bytes)
1770783749.347608 sending message 112 to peer 0x64cbd99bb3f0 (13 bytes)
1770783749.347762 sending message 112 to peer 0x64cbd99bb3f0 (13 bytes)
1770783749.348087 sending message 112 to peer 0x64cbd99bb3f0 (13 bytes)
1770783749.348310 sending message 112 to peer 0x64cbd99bb3f0 (13 bytes)
1770783749.348652 sending message 112 to peer 0x64cbd99bb3f0 (13 bytes)
1770783749.348923 sending message 112 to peer 0x64cbd99bb3f0 (8 bytes)
1770783749.349356 sending message 112 to peer 0x64cbd99bb3f0 (11 bytes)
1770783749.349646 sending message 112 to peer 0x64cbd99bb3f0 (11 bytes)
1770783749.350190 sending message 112 to peer 0x64cbd99bb3f0 (11 bytes)
1770783749.350253 sending message 112 to peer 0x64cbd99bb3f0 (12 bytes)
1770783749.350487 sending message 112 to peer 0x64cbd99bb3f0 (12 bytes)
1770783749.351064 sending message 112 to peer 0x64cbd99bb3f0 (12 bytes)
1770783749.351114 sending message 112 to peer 0x64cbd99bb3f0 (12 bytes)
1770783749.351135 sending message 112 to peer 0x64cbd99bb3f0 (13 bytes)
1770783749.351164 sending message 112 to peer 0x64cbd99bb3f0 (13 bytes)
1770783749.351183 sending message 112 to peer 0x64cbd99bb3f0 (13 bytes)
1770783749.351204 sending message 112 to peer 0x64cbd99bb3f0 (8 bytes)
1770783749.351223 sending message 112 to peer 0x64cbd99bb3f0 (13 bytes)
1770783749.351242 sending message 112 to peer 0x64cbd99bb3f0 (13 bytes)
1770783749.351260 sending message 112 to peer 0x64cbd99bb3f0 (13 bytes)
1770783749.351281 sending message 112 to peer 0x64cbd99bb3f0 (13 bytes)
1770783749.351300 sending message 112 to peer 0x64cbd99bb3f0 (13 bytes)
1770783749.351317 sending message 112 to peer 0x64cbd99bb3f0 (12 bytes)
1770783749.351332 sending message 112 to peer 0x64cbd99bb3f0 (12 bytes)
1770783749.351351 sending message 112 to peer 0x64cbd99bb3f0 (12 bytes)
1770783749.351373 sending message 112 to peer 0x64cbd99bb3f0 (12 bytes)
1770783749.351392 sending message 112 to peer 0x64cbd99bb3f0 (13 bytes)
1770783749.351414 sending message 112 to peer 0x64cbd99bb3f0 (8 bytes)
1770783749.351443 sending message 112 to peer 0x64cbd99bb3f0 (13 bytes)
1770783749.351464 sending message 112 to peer 0x64cbd99bb3f0 (13 bytes)
1770783749.351484 sending message 112 to peer 0x64cbd99bb3f0 (13 bytes)
1770783749.351502 sending message 112 to peer 0x64cbd99bb3f0 (13 bytes)
1770783749.351525 sending message 112 to peer 0x64cbd99bb3f0 (13 bytes)
1770783749.351543 sending message 112 to peer 0x64cbd99bb3f0 (13 bytes)
1770783749.351558 sending message 112 to peer 0x64cbd99bb3f0 (13 bytes)
1770783749.351578 sending message 112 to peer 0x64cbd99bb3f0 (12 bytes)
1770783749.351597 sending message 112 to peer 0x64cbd99bb3f0 (12 bytes)
1770783749.351628 sending message 112 to peer 0x64cbd99bb3f0 (12 bytes)
1770783749.351650 sending message 112 to peer 0x64cbd99bb3f0 (8 bytes)
1770783749.351668 sending message 112 to peer 0x64cbd99bb3f0 (12 bytes)
1770783749.351685 sending message 112 to peer 0x64cbd99bb3f0 (13 bytes)
1770783749.351703 sending message 112 to peer 0x64cbd99bb3f0 (13 bytes)
1770783749.351726 sending message 112 to peer 0x64cbd99bb3f0 (13 bytes)
1770783749.351745 sending message 112 to peer 0x64cbd99bb3f0 (13 bytes)
1770783749.351766 sending message 112 to peer 0x64cbd99bb3f0 (13 bytes)
1770783749.354145 sending message 112 to peer 0x64cbd99bb3f0 (13 bytes)
1770783749.354393 sending message 112 to peer 0x64cbd99bb3f0 (13 bytes)
1770783749.354562 sending message 112 to peer 0x64cbd99bb3f0 (13 bytes)
1770783749.354717 sending message 112 to peer 0x64cbd99bb3f0 (12 bytes)
1770783749.355007 sending message 112 to peer 0x64cbd99bb3f0 (10 bytes)
1770783749.355189 sending message 112 to peer 0x64cbd99bb3f0 (12 bytes)
1770783749.355346 sending message 112 to peer 0x64cbd99bb3f0 (12 bytes)
1770783749.355450 sending message 112 to peer 0x64cbd99bb3f0 (12 bytes)
1770783749.355600 sending message 112 to peer 0x64cbd99bb3f0 (13 bytes)
1770783749.355777 sending message 112 to peer 0x64cbd99bb3f0 (13 bytes)
1770783749.355951 sending message 112 to peer 0x64cbd99bb3f0 (13 bytes)
1770783749.356094 sending message 112 to peer 0x64cbd99bb3f0 (13 bytes)
1770783749.356246 sending message 112 to peer 0x64cbd99bb3f0 (13 bytes)
1770783749.356454 sending message 112 to peer 0x64cbd99bb3f0 (13 bytes)
1770783749.356643 sending message 112 to peer 0x64cbd99bb3f0 (13 bytes)
1770783749.356770 sending message 112 to peer 0x64cbd99bb3f0 (10 bytes)
1770783749.357003 sending message 112 to peer 0x64cbd99bb3f0 (13 bytes)
1770783749.357204 sending message 112 to peer 0x64cbd99bb3f0 (12 bytes)
1770783749.357454 sending message 112 to peer 0x64cbd99bb3f0 (12 bytes)
1770783749.357698 sending message 112 to peer 0x64cbd99bb3f0 (12 bytes)
1770783749.357988 sending message 112 to peer 0x64cbd99bb3f0 (10 bytes)
1770783749.358261 sending message 112 to peer 0x64cbd99bb3f0 (10 bytes)
1770783749.358622 sending message 112 to peer 0x64cbd99bb3f0 (10 bytes)
1770783749.359047 sending message 112 to peer 0x64cbd99bb3f0 (12 bytes)
1770783749.359088 sending message 112 to peer 0x64cbd99bb3f0 (13 bytes)
1770783749.359118 sending message 112 to peer 0x64cbd99bb3f0 (13 bytes)
1770783749.359143 sending message 112 to peer 0x64cbd99bb3f0 (13 bytes)
1770783749.359172 sending message 112 to peer 0x64cbd99bb3f0 (13 bytes)
1770783749.360816 sending message 112 to peer 0x64cbd99bb3f0 (13 bytes)
1770783749.360832 sending message 112 to peer 0x64cbd99bb3f0 (10 bytes)
1770783749.360845 sending message 112 to peer 0x64cbd99bb3f0 (11 bytes)
1770783749.360858 sending message 112 to peer 0x64cbd99bb3f0 (12 bytes)
1770783749.360870 sending message 112 to peer 0x64cbd99bb3f0 (12 bytes)
1770783749.360883 sending message 112 to peer 0x64cbd99bb3f0 (12 bytes)
1770783749.360895 sending message 112 to peer 0x64cbd99bb3f0 (12 bytes)
1770783749.360908 sending message 112 to peer 0x64cbd99bb3f0 (12 bytes)
1770783749.360921 sending message 112 to peer 0x64cbd99bb3f0 (11 bytes)
1770783749.360933 sending message 112 to peer 0x64cbd99bb3f0 (12 bytes)
1770783749.360945 sending message 112 to peer 0x64cbd99bb3f0 (12 bytes)
1770783749.360958 sending message 112 to peer 0x64cbd99bb3f0 (13 bytes)
1770783749.360971 sending message 112 to peer 0x64cbd99bb3f0 (13 bytes)
1770783749.360984 sending message 112 to peer 0x64cbd99bb3f0 (13 bytes)
1770783749.361470 sending message 112 to peer 0x64cbd99bb3f0 (13 bytes)
1770783749.361498 sending message 112 to peer 0x64cbd99bb3f0 (13 bytes)
1770783749.361530 sending message 112 to peer 0x64cbd99bb3f0 (10 bytes)
1770783749.361558 sending message 112 to peer 0x64cbd99bb3f0 (9 bytes)
1770783749.361586 sending message 112 to peer 0x64cbd99bb3f0 (12 bytes)
1770783749.361612 sending message 112 to peer 0x64cbd99bb3f0 (13 bytes)
1770783749.361644 sending message 112 to peer 0x64cbd99bb3f0 (13 bytes)
1770783749.361678 sending message 112 to peer 0x64cbd99bb3f0 (13 bytes)
1770783749.361708 sending message 112 to peer 0x64cbd99bb3f0 (13 bytes)
1770783749.361733 sending message 112 to peer 0x64cbd99bb3f0 (13 bytes)
1770783749.361755 sending message 112 to peer 0x64cbd99bb3f0 (9 bytes)
1770783749.361777 sending message 112 to peer 0x64cbd99bb3f0 (12 bytes)
1770783749.361820 sending message 112 to peer 0x64cbd99bb3f0 (13 bytes)
1770783749.361851 sending message 112 to peer 0x64cbd99bb3f0 (13 bytes)
1770783749.361878 sending message 112 to peer 0x64cbd99bb3f0 (13 bytes)
1770783749.361897 sending message 112 to peer 0x64cbd99bb3f0 (13 bytes)
1770783749.361919 sending message 112 to peer 0x64cbd99bb3f0 (13 bytes)
1770783749.361937 sending message 112 to peer 0x64cbd99bb3f0 (11 bytes)
1770783749.361962 sending message 112 to peer 0x64cbd99bb3f0 (12 bytes)
1770783749.361981 sending message 112 to peer 0x64cbd99bb3f0 (13 bytes)
1770783749.361999 sending message 112 to peer 0x64cbd99bb3f0 (13 bytes)
1770783749.362021 sending message 112 to peer 0x64cbd99bb3f0 (13 bytes)
1770783749.362038 sending message 112 to peer 0x64cbd99bb3f0 (13 bytes)
1770783749.362056 sending message 112 to peer 0x64cbd99bb3f0 (13 bytes)
1770783749.362076 sending message 112 to peer 0x64cbd99bb3f0 (11 bytes)
1770783749.362097 sending message 112 to peer 0x64cbd99bb3f0 (12 bytes)
1770783749.362115 sending message 112 to peer 0x64cbd99bb3f0 (12 bytes)
1770783749.362135 sending message 112 to peer 0x64cbd99bb3f0 (12 bytes)
1770783749.362153 sending message 112 to peer 0x64cbd99bb3f0 (12 bytes)
1770783749.362178 sending message 112 to peer 0x64cbd99bb3f0 (12 bytes)
1770783749.362196 sending message 112 to peer 0x64cbd99bb3f0 (21 bytes)
1770783749.362217 sending message 112 to peer 0x64cbd99bb3f0 (12 bytes)
1770783749.362232 sending message 112 to peer 0x64cbd99bb3f0 (9 bytes)
1770783749.362244 sending message 112 to peer 0x64cbd99bb3f0 (6 bytes)
1770783749.362256 sending message 112 to peer 0x64cbd99bb3f0 (13 bytes)
1770783749.362272 sending message 112 to peer 0x64cbd99bb3f0 (10 bytes)
1770783749.362296 sending message 112 to peer 0x64cbd99bb3f0 (24 bytes)
1770783749.362324 sending message 112 to peer 0x64cbd99bb3f0 (13 bytes)
1770783749.362347 sending message 112 to peer 0x64cbd99bb3f0 (9 bytes)
1770783749.362367 sending message 112 to peer 0x64cbd99bb3f0 (70 bytes)
1770783749.362388 sending message 112 to peer 0x64cbd99bb3f0 (69 bytes)
1770783749.362412 sending message 112 to peer 0x64cbd99bb3f0 (12 bytes)
1770783749.362432 sending message 112 to peer 0x64cbd99bb3f0 (10 bytes)
1770783749.362448 sending message 112 to peer 0x64cbd99bb3f0 (10 bytes)
1770783749.362468 sending message 112 to peer 0x64cbd99bb3f0 (24 bytes)
1770783749.362486 sending message 112 to peer 0x64cbd99bb3f0 (13 bytes)
1770783749.362503 sending message 112 to peer 0x64cbd99bb3f0 (10 bytes)
1770783749.362524 sending message 112 to peer 0x64cbd99bb3f0 (10 bytes)
1770783749.362545 sending message 112 to peer 0x64cbd99bb3f0 (10 bytes)
1770783749.362563 sending message 112 to peer 0x64cbd99bb3f0 (13 bytes)
1770783749.362590 sending message 112 to peer 0x64cbd99bb3f0 (15 bytes)
1770783749.362610 sending message 112 to peer 0x64cbd99bb3f0 (5 bytes)
1770783749.362629 sending message 104 to peer 0x64cbd99bb3f0 (0 bytes)
1770783749.362656 sending message 110 to peer 0x64cbd99bb3f0 (0 bytes)
1770783749.362686 sending message 107 to peer 0x64cbd99bb3f0 (4 bytes)
1770783749.362710 sending message 105 to peer 0x64cbd99bb3f0 (16 bytes)
1770783749.362728 sending message 105 to peer 0x64cbd99bb3f0 (23 bytes)
1770783749.362757 sending message 105 to peer 0x64cbd99bb3f0 (20 bytes)
1770783749.362776 sending message 105 to peer 0x64cbd99bb3f0 (61 bytes)
1770783749.362805 sending message 105 to peer 0x64cbd99bb3f0 (65 bytes)
1770783749.362827 sending message 105 to peer 0x64cbd99bb3f0 (29 bytes)
1770783749.362851 sending message 105 to peer 0x64cbd99bb3f0 (26 bytes)
1770783749.362869 sending message 105 to peer 0x64cbd99bb3f0 (22 bytes)
1770783749.362893 sending message 105 to peer 0x64cbd99bb3f0 (56 bytes)
1770783749.362924 sending message 105 to peer 0x64cbd99bb3f0 (27 bytes)
1770783749.362942 sending message 105 to peer 0x64cbd99bb3f0 (31 bytes)
1770783749.362960 sending message 105 to peer 0x64cbd99bb3f0 (52 bytes)
1770783749.362981 sending message 105 to peer 0x64cbd99bb3f0 (30 bytes)
1770783749.362999 sending message 105 to peer 0x64cbd99bb3f0 (16 bytes)
1770783749.363025 sending message 105 to peer 0x64cbd99bb3f0 (36 bytes)
1770783749.363043 sending message 105 to peer 0x64cbd99bb3f0 (56 bytes)
1770783749.363061 sending message 105 to peer 0x64cbd99bb3f0 (23 bytes)
1770783749.363084 sending message 105 to peer 0x64cbd99bb3f0 (13 bytes)
1770783749.363105 sending message 105 to peer 0x64cbd99bb3f0 (36 bytes)
1770783749.363123 sending message 105 to peer 0x64cbd99bb3f0 (46 bytes)
1770783749.363144 sending message 105 to peer 0x64cbd99bb3f0 (13 bytes)
1770783749.363165 sending message 105 to peer 0x64cbd99bb3f0 (51 bytes)
1770783749.363182 sending message 105 to peer 0x64cbd99bb3f0 (43 bytes)
1770783749.363197 sending message 105 to peer 0x64cbd99bb3f0 (24 bytes)
1770783749.363227 sending message 105 to peer 0x64cbd99bb3f0 (33 bytes)
1770783749.363243 sending message 105 to peer 0x64cbd99bb3f0 (37 bytes)
1770783749.363255 sending message 105 to peer 0x64cbd99bb3f0 (29 bytes)
1770783749.363267 sending message 105 to peer 0x64cbd99bb3f0 (25 bytes)
1770783749.363279 sending message 105 to peer 0x64cbd99bb3f0 (20 bytes)
1770783749.363292 sending message 105 to peer 0x64cbd99bb3f0 (92 bytes)
1770783749.363304 sending message 105 to peer 0x64cbd99bb3f0 (32 bytes)
1770783749.363316 sending message 105 to peer 0x64cbd99bb3f0 (56 bytes)
1770783749.363328 sending message 105 to peer 0x64cbd99bb3f0 (39 bytes)
1770783749.363340 sending message 105 to peer 0x64cbd99bb3f0 (21 bytes)
1770783749.363352 sending message 105 to peer 0x64cbd99bb3f0 (38 bytes)
1770783749.363364 sending message 105 to peer 0x64cbd99bb3f0 (13 bytes)
1770783749.363376 sending message 105 to peer 0x64cbd99bb3f0 (54 bytes)
1770783749.363388 sending message 105 to peer 0x64cbd99bb3f0 (1817 bytes)
1770783749.363414 sending message 105 to peer 0x64cbd99bb3f0 (30 bytes)
1770783749.363427 sending message 105 to peer 0x64cbd99bb3f0 (25 bytes)
1770783749.363439 sending message 105 to peer 0x64cbd99bb3f0 (32 bytes)
1770783749.363450 sending message 105 to peer 0x64cbd99bb3f0 (24 bytes)
1770783749.363462 sending message 105 to peer 0x64cbd99bb3f0 (106 bytes)
1770783749.363474 sending message 105 to peer 0x64cbd99bb3f0 (30 bytes)
1770783749.363486 sending message 105 to peer 0x64cbd99bb3f0 (31 bytes)
1770783749.363498 sending message 105 to peer 0x64cbd99bb3f0 (29 bytes)
1770783749.363510 sending message 105 to peer 0x64cbd99bb3f0 (18 bytes)
1770783749.363522 sending message 105 to peer 0x64cbd99bb3f0 (21 bytes)
1770783749.363534 sending message 105 to peer 0x64cbd99bb3f0 (70 bytes)
1770783749.363546 sending message 105 to peer 0x64cbd99bb3f0 (21 bytes)
1770783749.363558 sending message 105 to peer 0x64cbd99bb3f0 (38 bytes)
1770783749.363570 sending message 105 to peer 0x64cbd99bb3f0 (29 bytes)
1770783749.363582 sending message 105 to peer 0x64cbd99bb3f0 (31 bytes)
1770783749.363594 sending message 105 to peer 0x64cbd99bb3f0 (32 bytes)
1770783749.363606 sending message 105 to peer 0x64cbd99bb3f0 (35 bytes)
1770783749.363618 sending message 105 to peer 0x64cbd99bb3f0 (27 bytes)
1770783749.363629 sending message 105 to peer 0x64cbd99bb3f0 (78 bytes)
1770783749.363641 sending message 105 to peer 0x64cbd99bb3f0 (40 bytes)
1770783749.363653 sending message 105 to peer 0x64cbd99bb3f0 (68 bytes)
1770783749.363665 sending message 105 to peer 0x64cbd99bb3f0 (34 bytes)
1770783749.363677 sending message 105 to peer 0x64cbd99bb3f0 (24 bytes)
1770783749.363689 sending message 105 to peer 0x64cbd99bb3f0 (50 bytes)
1770783749.363701 sending message 105 to peer 0x64cbd99bb3f0 (20 bytes)
1770783749.363713 sending message 105 to peer 0x64cbd99bb3f0 (32 bytes)
1770783749.363725 sending message 105 to peer 0x64cbd99bb3f0 (15 bytes)
1770783749.363737 sending message 105 to peer 0x64cbd99bb3f0 (30 bytes)
1770783749.363754 sending message 105 to peer 0x64cbd99bb3f0 (54 bytes)
1770783749.363766 sending message 105 to peer 0x64cbd99bb3f0 (23 bytes)
1770783749.363778 sending message 105 to peer 0x64cbd99bb3f0 (37 bytes)
1770783749.369100 sending message 105 to peer 0x64cbd99bb3f0 (24 bytes)
1770783749.369698 sending message 105 to peer 0x64cbd99bb3f0 (30 bytes)
1770783749.370202 sending message 105 to peer 0x64cbd99bb3f0 (47 bytes)
1770783749.370465 sending message 105 to peer 0x64cbd99bb3f0 (54 bytes)
1770783749.370765 sending message 105 to peer 0x64cbd99bb3f0 (29 bytes)
1770783749.371283 sending message 105 to peer 0x64cbd99bb3f0 (8 bytes)
1770783749.371603 sending message 105 to peer 0x64cbd99bb3f0 (14 bytes)
1770783749.371840 sending message 105 to peer 0x64cbd99bb3f0 (56 bytes)
1770783749.371871 sending message 105 to peer 0x64cbd99bb3f0 (23 bytes)
1770783749.371900 sending message 105 to peer 0x64cbd99bb3f0 (21 bytes)
1770783749.371924 sending message 105 to peer 0x64cbd99bb3f0 (17 bytes)
1770783749.371947 sending message 105 to peer 0x64cbd99bb3f0 (46 bytes)
1770783749.371966 sending message 105 to peer 0x64cbd99bb3f0 (33 bytes)
1770783749.371980 sending message 105 to peer 0x64cbd99bb3f0 (37 bytes)
1770783749.372004 sending message 105 to peer 0x64cbd99bb3f0 (28 bytes)
1770783749.372021 sending message 105 to peer 0x64cbd99bb3f0 (34 bytes)
1770783749.373814 sending message 105 to peer 0x64cbd99bb3f0 (37 bytes)
1770783749.373844 sending message 105 to peer 0x64cbd99bb3f0 (43 bytes)
1770783749.373874 sending message 105 to peer 0x64cbd99bb3f0 (47 bytes)
1770783749.373901 sending message 105 to peer 0x64cbd99bb3f0 (24 bytes)
1770783749.373937 sending message 105 to peer 0x64cbd99bb3f0 (49 bytes)
1770783749.373964 sending message 105 to peer 0x64cbd99bb3f0 (83 bytes)
1770783749.373995 sending message 105 to peer 0x64cbd99bb3f0 (123 bytes)
1770783749.374024 sending message 105 to peer 0x64cbd99bb3f0 (32 bytes)
1770783749.374053 sending message 105 to peer 0x64cbd99bb3f0 (40 bytes)
1770783749.374346 sending message 105 to peer 0x64cbd99bb3f0 (94 bytes)
1770783749.374536 sending message 105 to peer 0x64cbd99bb3f0 (1151 bytes)
1770783749.374574 sending message 105 to peer 0x64cbd99bb3f0 (53 bytes)
1770783749.374602 sending message 105 to peer 0x64cbd99bb3f0 (25 bytes)
1770783749.374629 sending message 105 to peer 0x64cbd99bb3f0 (56 bytes)
1770783749.374654 sending message 105 to peer 0x64cbd99bb3f0 (46 bytes)
1770783749.374676 sending message 105 to peer 0x64cbd99bb3f0 (48 bytes)
1770783749.374706 sending message 105 to peer 0x64cbd99bb3f0 (24 bytes)
1770783749.374728 sending message 105 to peer 0x64cbd99bb3f0 (70 bytes)
1770783749.374757 sending message 105 to peer 0x64cbd99bb3f0 (11 bytes)
1770783749.374797 sending message 105 to peer 0x64cbd99bb3f0 (20 bytes)
1770783749.374829 sending message 105 to peer 0x64cbd99bb3f0 (78 bytes)
1770783749.374860 sending message 105 to peer 0x64cbd99bb3f0 (16 bytes)
1770783749.374889 sending message 106 to peer 0x64cbd99bb3f0 (0 bytes)
1770783749.374975 sending message 200 to peer 0x64cbd99bb3f0 (4 bytes)
1770783749.375008 client loop enter
1770783749.375060 client_signal: Child exited
1770783751.260038 peer 0x64cbd99bb3f0 message 207
1770783751.260298 sending message 208 to peer 0x64cbd99bb3f0 (0 bytes)
1770784644.024697 client_signal: Window changed
1770784644.025869 sending message 208 to peer 0x64cbd99bb3f0 (0 bytes)
1770784682.475606 client_signal: Window changed
1770784682.490319 sending message 208 to peer 0x64cbd99bb3f0 (0 bytes)
