1770813103.903205 client started (3552): version 3.4, socket /tmp/tmux-1000/default, protocol 8
1770813103.903277 on Linux 6.8.0-1030-azure #35~22.04.1-Ubuntu SMP Mon May 26 18:08:30 UTC 2025
1770813103.903409 using libevent 2.1.12-stable poll
1770813103.903461 using ncurses 6.4 20240113
1770813103.903607 flags are 0x18010000
1770813103.904016 socket is /tmp/tmux-1000/default
1770813103.904053 trying connect
1770813103.904088 connect failed: No such file or directory
1770813103.904113 lock file is /tmp/tmux-1000/default.lock
1770813103.904155 flock succeeded
1770813103.904165 got lock (7)
1770813103.904179 trying connect
1770813103.904198 connect failed: No such file or directory
1770813103.904724 add peer 0x635240abc3e0: 8 ((nil))
1770813104.105298 sending message 100 to peer 0x635240abc3e0 (4 bytes)
1770813104.105340 sending message 111 to peer 0x635240abc3e0 (8 bytes)
1770813104.105355 sending message 101 to peer 0x635240abc3e0 (15 bytes)
1770813104.105373 sending message 109 to peer 0x635240abc3e0 (4 bytes)
1770813104.105393 sending message 102 to peer 0x635240abc3e0 (11 bytes)
1770813104.105413 sending message 108 to peer 0x635240abc3e0 (29 bytes)
1770813104.105433 sending message 112 to peer 0x635240abc3e0 (58 bytes)
1770813104.105453 sending message 112 to peer 0x635240abc3e0 (5 bytes)
1770813104.105478 sending message 112 to peer 0x635240abc3e0 (5 bytes)
1770813104.105498 sending message 112 to peer 0x635240abc3e0 (6 bytes)
1770813104.105554 sending message 112 to peer 0x635240abc3e0 (6 bytes)
1770813104.105578 sending message 112 to peer 0x635240abc3e0 (11 bytes)
1770813104.105589 sending message 112 to peer 0x635240abc3e0 (10 bytes)
1770813104.105607 sending message 112 to peer 0x635240abc3e0 (13 bytes)
1770813104.105628 sending message 112 to peer 0x635240abc3e0 (14 bytes)
1770813104.105644 sending message 112 to peer 0x635240abc3e0 (19 bytes)
1770813104.105662 sending message 112 to peer 0x635240abc3e0 (11 bytes)
1770813104.105676 sending message 112 to peer 0x635240abc3e0 (10 bytes)
1770813104.105696 sending message 112 to peer 0x635240abc3e0 (15 bytes)
1770813104.105716 sending message 112 to peer 0x635240abc3e0 (21 bytes)
1770813104.105736 sending message 112 to peer 0x635240abc3e0 (13 bytes)
1770813104.105756 sending message 112 to peer 0x635240abc3e0 (7 bytes)
1770813104.105779 sending message 112 to peer 0x635240abc3e0 (13 bytes)
1770813104.105802 sending message 112 to peer 0x635240abc3e0 (7 bytes)
1770813104.105816 sending message 112 to peer 0x635240abc3e0 (13 bytes)
1770813104.105840 sending message 112 to peer 0x635240abc3e0 (9 bytes)
1770813104.105865 sending message 112 to peer 0x635240abc3e0 (21 bytes)
1770813104.105888 sending message 112 to peer 0x635240abc3e0 (13 bytes)
1770813104.105908 sending message 112 to peer 0x635240abc3e0 (9 bytes)
1770813104.105928 sending message 112 to peer 0x635240abc3e0 (16 bytes)
1770813104.105948 sending message 112 to peer 0x635240abc3e0 (13 bytes)
1770813104.105968 sending message 112 to peer 0x635240abc3e0 (9 bytes)
1770813104.105988 sending message 112 to peer 0x635240abc3e0 (9 bytes)
1770813104.106009 sending message 112 to peer 0x635240abc3e0 (12 bytes)
1770813104.106029 sending message 112 to peer 0x635240abc3e0 (8 bytes)
1770813104.106051 sending message 112 to peer 0x635240abc3e0 (8 bytes)
1770813104.106074 sending message 112 to peer 0x635240abc3e0 (13 bytes)
1770813104.106097 sending message 112 to peer 0x635240abc3e0 (7 bytes)
1770813104.106119 sending message 112 to peer 0x635240abc3e0 (7 bytes)
1770813104.106138 sending message 112 to peer 0x635240abc3e0 (9 bytes)
1770813104.106162 sending message 112 to peer 0x635240abc3e0 (9 bytes)
1770813104.106182 sending message 112 to peer 0x635240abc3e0 (15 bytes)
1770813104.106204 sending message 112 to peer 0x635240abc3e0 (13 bytes)
1770813104.106227 sending message 112 to peer 0x635240abc3e0 (12 bytes)
1770813104.106249 sending message 112 to peer 0x635240abc3e0 (8 bytes)
1770813104.106271 sending message 112 to peer 0x635240abc3e0 (14 bytes)
1770813104.106295 sending message 112 to peer 0x635240abc3e0 (11 bytes)
1770813104.106324 sending message 112 to peer 0x635240abc3e0 (9 bytes)
1770813104.106335 sending message 112 to peer 0x635240abc3e0 (10 bytes)
1770813104.106352 sending message 112 to peer 0x635240abc3e0 (10 bytes)
1770813104.106371 sending message 112 to peer 0x635240abc3e0 (10 bytes)
1770813104.106394 sending message 112 to peer 0x635240abc3e0 (10 bytes)
1770813104.106417 sending message 112 to peer 0x635240abc3e0 (11 bytes)
1770813104.106436 sending message 112 to peer 0x635240abc3e0 (12 bytes)
1770813104.106460 sending message 112 to peer 0x635240abc3e0 (12 bytes)
1770813104.106483 sending message 112 to peer 0x635240abc3e0 (12 bytes)
1770813104.106505 sending message 112 to peer 0x635240abc3e0 (12 bytes)
1770813104.107852 sending message 112 to peer 0x635240abc3e0 (12 bytes)
1770813104.107931 sending message 112 to peer 0x635240abc3e0 (11 bytes)
1770813104.108019 sending message 112 to peer 0x635240abc3e0 (11 bytes)
1770813104.108101 sending message 112 to peer 0x635240abc3e0 (12 bytes)
1770813104.108183 sending message 112 to peer 0x635240abc3e0 (12 bytes)
1770813104.108275 sending message 112 to peer 0x635240abc3e0 (12 bytes)
1770813104.108355 sending message 112 to peer 0x635240abc3e0 (12 bytes)
1770813104.108444 sending message 112 to peer 0x635240abc3e0 (12 bytes)
1770813104.108472 sending message 112 to peer 0x635240abc3e0 (9 bytes)
1770813104.108482 sending message 112 to peer 0x635240abc3e0 (12 bytes)
1770813104.108491 sending message 112 to peer 0x635240abc3e0 (13 bytes)
1770813104.108500 sending message 112 to peer 0x635240abc3e0 (13 bytes)
1770813104.108510 sending message 112 to peer 0x635240abc3e0 (13 bytes)
1770813104.108535 sending message 112 to peer 0x635240abc3e0 (13 bytes)
1770813104.108549 sending message 112 to peer 0x635240abc3e0 (13 bytes)
1770813104.108573 sending message 112 to peer 0x635240abc3e0 (8 bytes)
1770813104.108591 sending message 112 to peer 0x635240abc3e0 (11 bytes)
1770813104.108608 sending message 112 to peer 0x635240abc3e0 (11 bytes)
1770813104.108630 sending message 112 to peer 0x635240abc3e0 (11 bytes)
1770813104.108654 sending message 112 to peer 0x635240abc3e0 (12 bytes)
1770813104.108670 sending message 112 to peer 0x635240abc3e0 (12 bytes)
1770813104.108685 sending message 112 to peer 0x635240abc3e0 (12 bytes)
1770813104.108700 sending message 112 to peer 0x635240abc3e0 (12 bytes)
1770813104.108711 sending message 112 to peer 0x635240abc3e0 (13 bytes)
1770813104.108727 sending message 112 to peer 0x635240abc3e0 (13 bytes)
1770813104.108743 sending message 112 to peer 0x635240abc3e0 (13 bytes)
1770813104.108758 sending message 112 to peer 0x635240abc3e0 (8 bytes)
1770813104.108768 sending message 112 to peer 0x635240abc3e0 (13 bytes)
1770813104.108784 sending message 112 to peer 0x635240abc3e0 (13 bytes)
1770813104.108797 sending message 112 to peer 0x635240abc3e0 (13 bytes)
1770813104.108807 sending message 112 to peer 0x635240abc3e0 (13 bytes)
1770813104.108818 sending message 112 to peer 0x635240abc3e0 (13 bytes)
1770813104.108828 sending message 112 to peer 0x635240abc3e0 (12 bytes)
1770813104.108838 sending message 112 to peer 0x635240abc3e0 (12 bytes)
1770813104.108847 sending message 112 to peer 0x635240abc3e0 (12 bytes)
1770813104.108857 sending message 112 to peer 0x635240abc3e0 (12 bytes)
1770813104.108868 sending message 112 to peer 0x635240abc3e0 (13 bytes)
1770813104.108878 sending message 112 to peer 0x635240abc3e0 (8 bytes)
1770813104.108888 sending message 112 to peer 0x635240abc3e0 (13 bytes)
1770813104.108898 sending message 112 to peer 0x635240abc3e0 (13 bytes)
1770813104.108908 sending message 112 to peer 0x635240abc3e0 (13 bytes)
1770813104.108918 sending message 112 to peer 0x635240abc3e0 (13 bytes)
1770813104.108928 sending message 112 to peer 0x635240abc3e0 (13 bytes)
1770813104.108938 sending message 112 to peer 0x635240abc3e0 (13 bytes)
1770813104.108948 sending message 112 to peer 0x635240abc3e0 (13 bytes)
1770813104.108958 sending message 112 to peer 0x635240abc3e0 (12 bytes)
1770813104.108969 sending message 112 to peer 0x635240abc3e0 (12 bytes)
1770813104.108993 sending message 112 to peer 0x635240abc3e0 (12 bytes)
1770813104.109017 sending message 112 to peer 0x635240abc3e0 (8 bytes)
1770813104.109036 sending message 112 to peer 0x635240abc3e0 (12 bytes)
1770813104.109052 sending message 112 to peer 0x635240abc3e0 (13 bytes)
1770813104.109076 sending message 112 to peer 0x635240abc3e0 (13 bytes)
1770813104.109095 sending message 112 to peer 0x635240abc3e0 (13 bytes)
1770813104.109114 sending message 112 to peer 0x635240abc3e0 (13 bytes)
1770813104.109130 sending message 112 to peer 0x635240abc3e0 (13 bytes)
1770813104.109152 sending message 112 to peer 0x635240abc3e0 (13 bytes)
1770813104.109168 sending message 112 to peer 0x635240abc3e0 (13 bytes)
1770813104.109187 sending message 112 to peer 0x635240abc3e0 (13 bytes)
1770813104.109202 sending message 112 to peer 0x635240abc3e0 (12 bytes)
1770813104.109218 sending message 112 to peer 0x635240abc3e0 (10 bytes)
1770813104.109234 sending message 112 to peer 0x635240abc3e0 (12 bytes)
1770813104.109256 sending message 112 to peer 0x635240abc3e0 (12 bytes)
1770813104.109275 sending message 112 to peer 0x635240abc3e0 (12 bytes)
1770813104.109297 sending message 112 to peer 0x635240abc3e0 (13 bytes)
1770813104.109312 sending message 112 to peer 0x635240abc3e0 (13 bytes)
1770813104.109327 sending message 112 to peer 0x635240abc3e0 (13 bytes)
1770813104.109343 sending message 112 to peer 0x635240abc3e0 (13 bytes)
1770813104.109354 sending message 112 to peer 0x635240abc3e0 (13 bytes)
1770813104.109370 sending message 112 to peer 0x635240abc3e0 (13 bytes)
1770813104.109386 sending message 112 to peer 0x635240abc3e0 (13 bytes)
1770813104.109401 sending message 112 to peer 0x635240abc3e0 (10 bytes)
1770813104.109415 sending message 112 to peer 0x635240abc3e0 (13 bytes)
1770813104.109426 sending message 112 to peer 0x635240abc3e0 (12 bytes)
1770813104.109436 sending message 112 to peer 0x635240abc3e0 (12 bytes)
1770813104.109446 sending message 112 to peer 0x635240abc3e0 (12 bytes)
1770813104.109457 sending message 112 to peer 0x635240abc3e0 (10 bytes)
1770813104.109467 sending message 112 to peer 0x635240abc3e0 (10 bytes)
1770813104.109477 sending message 112 to peer 0x635240abc3e0 (10 bytes)
1770813104.109487 sending message 112 to peer 0x635240abc3e0 (12 bytes)
1770813104.109497 sending message 112 to peer 0x635240abc3e0 (13 bytes)
1770813104.109507 sending message 112 to peer 0x635240abc3e0 (13 bytes)
1770813104.109602 sending message 112 to peer 0x635240abc3e0 (13 bytes)
1770813104.109753 sending message 112 to peer 0x635240abc3e0 (13 bytes)
1770813104.109816 sending message 112 to peer 0x635240abc3e0 (13 bytes)
1770813104.109932 sending message 112 to peer 0x635240abc3e0 (10 bytes)
1770813104.110057 sending message 112 to peer 0x635240abc3e0 (11 bytes)
1770813104.110093 sending message 112 to peer 0x635240abc3e0 (12 bytes)
1770813104.110123 sending message 112 to peer 0x635240abc3e0 (12 bytes)
1770813104.110228 sending message 112 to peer 0x635240abc3e0 (12 bytes)
1770813104.110264 sending message 112 to peer 0x635240abc3e0 (12 bytes)
1770813104.110359 sending message 112 to peer 0x635240abc3e0 (12 bytes)
1770813104.110452 sending message 112 to peer 0x635240abc3e0 (11 bytes)
1770813104.110558 sending message 112 to peer 0x635240abc3e0 (12 bytes)
1770813104.110596 sending message 112 to peer 0x635240abc3e0 (12 bytes)
1770813104.110626 sending message 112 to peer 0x635240abc3e0 (13 bytes)
1770813104.110703 sending message 112 to peer 0x635240abc3e0 (13 bytes)
1770813104.110815 sending message 112 to peer 0x635240abc3e0 (13 bytes)
1770813104.110849 sending message 112 to peer 0x635240abc3e0 (13 bytes)
1770813104.110957 sending message 112 to peer 0x635240abc3e0 (13 bytes)
1770813104.110991 sending message 112 to peer 0x635240abc3e0 (10 bytes)
1770813104.111099 sending message 112 to peer 0x635240abc3e0 (9 bytes)
1770813104.111136 sending message 112 to peer 0x635240abc3e0 (12 bytes)
1770813104.111262 sending message 112 to peer 0x635240abc3e0 (13 bytes)
1770813104.111300 sending message 112 to peer 0x635240abc3e0 (13 bytes)
1770813104.111419 sending message 112 to peer 0x635240abc3e0 (13 bytes)
1770813104.111454 sending message 112 to peer 0x635240abc3e0 (13 bytes)
1770813104.111575 sending message 112 to peer 0x635240abc3e0 (13 bytes)
1770813104.111614 sending message 112 to peer 0x635240abc3e0 (9 bytes)
1770813104.111664 sending message 112 to peer 0x635240abc3e0 (12 bytes)
1770813104.111759 sending message 112 to peer 0x635240abc3e0 (13 bytes)
1770813104.111858 sending message 112 to peer 0x635240abc3e0 (13 bytes)
1770813104.111974 sending message 112 to peer 0x635240abc3e0 (13 bytes)
1770813104.112010 sending message 112 to peer 0x635240abc3e0 (13 bytes)
1770813104.113180 sending message 112 to peer 0x635240abc3e0 (13 bytes)
1770813104.113224 sending message 112 to peer 0x635240abc3e0 (11 bytes)
1770813104.113260 sending message 112 to peer 0x635240abc3e0 (12 bytes)
1770813104.113290 sending message 112 to peer 0x635240abc3e0 (13 bytes)
1770813104.113326 sending message 112 to peer 0x635240abc3e0 (13 bytes)
1770813104.113358 sending message 112 to peer 0x635240abc3e0 (13 bytes)
1770813104.113387 sending message 112 to peer 0x635240abc3e0 (13 bytes)
1770813104.113418 sending message 112 to peer 0x635240abc3e0 (13 bytes)
1770813104.113447 sending message 112 to peer 0x635240abc3e0 (11 bytes)
1770813104.113482 sending message 112 to peer 0x635240abc3e0 (12 bytes)
1770813104.113540 sending message 112 to peer 0x635240abc3e0 (12 bytes)
1770813104.113580 sending message 112 to peer 0x635240abc3e0 (12 bytes)
1770813104.113615 sending message 112 to peer 0x635240abc3e0 (12 bytes)
1770813104.113645 sending message 112 to peer 0x635240abc3e0 (12 bytes)
1770813104.113679 sending message 112 to peer 0x635240abc3e0 (21 bytes)
1770813104.113714 sending message 112 to peer 0x635240abc3e0 (12 bytes)
1770813104.113743 sending message 112 to peer 0x635240abc3e0 (9 bytes)
1770813104.113776 sending message 112 to peer 0x635240abc3e0 (6 bytes)
1770813104.113806 sending message 112 to peer 0x635240abc3e0 (13 bytes)
1770813104.113841 sending message 112 to peer 0x635240abc3e0 (10 bytes)
1770813104.113928 sending message 112 to peer 0x635240abc3e0 (24 bytes)
1770813104.113967 sending message 112 to peer 0x635240abc3e0 (13 bytes)
1770813104.114005 sending message 112 to peer 0x635240abc3e0 (9 bytes)
1770813104.114098 sending message 112 to peer 0x635240abc3e0 (70 bytes)
1770813104.114235 sending message 112 to peer 0x635240abc3e0 (69 bytes)
1770813104.115048 sending message 112 to peer 0x635240abc3e0 (12 bytes)
1770813104.115281 sending message 112 to peer 0x635240abc3e0 (10 bytes)
1770813104.115320 sending message 112 to peer 0x635240abc3e0 (10 bytes)
1770813104.115345 sending message 112 to peer 0x635240abc3e0 (24 bytes)
1770813104.115362 sending message 112 to peer 0x635240abc3e0 (13 bytes)
1770813104.115379 sending message 112 to peer 0x635240abc3e0 (10 bytes)
1770813104.115394 sending message 112 to peer 0x635240abc3e0 (10 bytes)
1770813104.115405 sending message 112 to peer 0x635240abc3e0 (10 bytes)
1770813104.115415 sending message 112 to peer 0x635240abc3e0 (13 bytes)
1770813104.115423 sending message 112 to peer 0x635240abc3e0 (15 bytes)
1770813104.115432 sending message 112 to peer 0x635240abc3e0 (5 bytes)
1770813104.115443 sending message 104 to peer 0x635240abc3e0 (0 bytes)
1770813104.115453 sending message 110 to peer 0x635240abc3e0 (0 bytes)
1770813104.115463 sending message 107 to peer 0x635240abc3e0 (4 bytes)
1770813104.115481 sending message 105 to peer 0x635240abc3e0 (16 bytes)
1770813104.115490 sending message 105 to peer 0x635240abc3e0 (23 bytes)
1770813104.115500 sending message 105 to peer 0x635240abc3e0 (20 bytes)
1770813104.115509 sending message 105 to peer 0x635240abc3e0 (61 bytes)
1770813104.115533 sending message 105 to peer 0x635240abc3e0 (65 bytes)
1770813104.115545 sending message 105 to peer 0x635240abc3e0 (29 bytes)
1770813104.115553 sending message 105 to peer 0x635240abc3e0 (26 bytes)
1770813104.115563 sending message 105 to peer 0x635240abc3e0 (22 bytes)
1770813104.115571 sending message 105 to peer 0x635240abc3e0 (56 bytes)
1770813104.115589 sending message 105 to peer 0x635240abc3e0 (27 bytes)
1770813104.115598 sending message 105 to peer 0x635240abc3e0 (31 bytes)
1770813104.115607 sending message 105 to peer 0x635240abc3e0 (52 bytes)
1770813104.115617 sending message 105 to peer 0x635240abc3e0 (30 bytes)
1770813104.115626 sending message 105 to peer 0x635240abc3e0 (16 bytes)
1770813104.115635 sending message 105 to peer 0x635240abc3e0 (36 bytes)
1770813104.115644 sending message 105 to peer 0x635240abc3e0 (56 bytes)
1770813104.115653 sending message 105 to peer 0x635240abc3e0 (23 bytes)
1770813104.115662 sending message 105 to peer 0x635240abc3e0 (13 bytes)
1770813104.115671 sending message 105 to peer 0x635240abc3e0 (36 bytes)
1770813104.115680 sending message 105 to peer 0x635240abc3e0 (46 bytes)
1770813104.115689 sending message 105 to peer 0x635240abc3e0 (13 bytes)
1770813104.115698 sending message 105 to peer 0x635240abc3e0 (51 bytes)
1770813104.115707 sending message 105 to peer 0x635240abc3e0 (43 bytes)
1770813104.115718 sending message 105 to peer 0x635240abc3e0 (24 bytes)
1770813104.115727 sending message 105 to peer 0x635240abc3e0 (33 bytes)
1770813104.115736 sending message 105 to peer 0x635240abc3e0 (37 bytes)
1770813104.115745 sending message 105 to peer 0x635240abc3e0 (29 bytes)
1770813104.115754 sending message 105 to peer 0x635240abc3e0 (25 bytes)
1770813104.115763 sending message 105 to peer 0x635240abc3e0 (20 bytes)
1770813104.115772 sending message 105 to peer 0x635240abc3e0 (92 bytes)
1770813104.115781 sending message 105 to peer 0x635240abc3e0 (32 bytes)
1770813104.115790 sending message 105 to peer 0x635240abc3e0 (56 bytes)
1770813104.115799 sending message 105 to peer 0x635240abc3e0 (39 bytes)
1770813104.115808 sending message 105 to peer 0x635240abc3e0 (21 bytes)
1770813104.115819 sending message 105 to peer 0x635240abc3e0 (38 bytes)
1770813104.115828 sending message 105 to peer 0x635240abc3e0 (13 bytes)
1770813104.115837 sending message 105 to peer 0x635240abc3e0 (54 bytes)
1770813104.115846 sending message 105 to peer 0x635240abc3e0 (1817 bytes)
1770813104.115872 sending message 105 to peer 0x635240abc3e0 (30 bytes)
1770813104.115881 sending message 105 to peer 0x635240abc3e0 (25 bytes)
1770813104.115890 sending message 105 to peer 0x635240abc3e0 (32 bytes)
1770813104.115898 sending message 105 to peer 0x635240abc3e0 (24 bytes)
1770813104.115908 sending message 105 to peer 0x635240abc3e0 (106 bytes)
1770813104.115916 sending message 105 to peer 0x635240abc3e0 (30 bytes)
1770813104.115925 sending message 105 to peer 0x635240abc3e0 (31 bytes)
1770813104.115934 sending message 105 to peer 0x635240abc3e0 (29 bytes)
1770813104.115945 sending message 105 to peer 0x635240abc3e0 (18 bytes)
1770813104.115954 sending message 105 to peer 0x635240abc3e0 (21 bytes)
1770813104.115963 sending message 105 to peer 0x635240abc3e0 (70 bytes)
1770813104.115971 sending message 105 to peer 0x635240abc3e0 (21 bytes)
1770813104.115980 sending message 105 to peer 0x635240abc3e0 (38 bytes)
1770813104.115989 sending message 105 to peer 0x635240abc3e0 (29 bytes)
1770813104.115998 sending message 105 to peer 0x635240abc3e0 (31 bytes)
1770813104.116007 sending message 105 to peer 0x635240abc3e0 (32 bytes)
1770813104.116016 sending message 105 to peer 0x635240abc3e0 (35 bytes)
1770813104.116025 sending message 105 to peer 0x635240abc3e0 (27 bytes)
1770813104.116034 sending message 105 to peer 0x635240abc3e0 (78 bytes)
1770813104.116043 sending message 105 to peer 0x635240abc3e0 (40 bytes)
1770813104.116054 sending message 105 to peer 0x635240abc3e0 (68 bytes)
1770813104.116063 sending message 105 to peer 0x635240abc3e0 (34 bytes)
1770813104.116072 sending message 105 to peer 0x635240abc3e0 (24 bytes)
1770813104.116082 sending message 105 to peer 0x635240abc3e0 (50 bytes)
1770813104.116091 sending message 105 to peer 0x635240abc3e0 (20 bytes)
1770813104.116100 sending message 105 to peer 0x635240abc3e0 (32 bytes)
1770813104.116109 sending message 105 to peer 0x635240abc3e0 (15 bytes)
1770813104.116117 sending message 105 to peer 0x635240abc3e0 (30 bytes)
1770813104.116131 sending message 105 to peer 0x635240abc3e0 (54 bytes)
1770813104.116140 sending message 105 to peer 0x635240abc3e0 (23 bytes)
1770813104.116149 sending message 105 to peer 0x635240abc3e0 (37 bytes)
1770813104.116158 sending message 105 to peer 0x635240abc3e0 (24 bytes)
1770813104.116167 sending message 105 to peer 0x635240abc3e0 (30 bytes)
1770813104.116178 sending message 105 to peer 0x635240abc3e0 (47 bytes)
1770813104.116187 sending message 105 to peer 0x635240abc3e0 (54 bytes)
1770813104.116195 sending message 105 to peer 0x635240abc3e0 (29 bytes)
1770813104.116204 sending message 105 to peer 0x635240abc3e0 (8 bytes)
1770813104.116213 sending message 105 to peer 0x635240abc3e0 (14 bytes)
1770813104.116221 sending message 105 to peer 0x635240abc3e0 (56 bytes)
1770813104.116230 sending message 105 to peer 0x635240abc3e0 (23 bytes)
1770813104.116239 sending message 105 to peer 0x635240abc3e0 (21 bytes)
1770813104.116248 sending message 105 to peer 0x635240abc3e0 (17 bytes)
1770813104.116257 sending message 105 to peer 0x635240abc3e0 (46 bytes)
1770813104.116266 sending message 105 to peer 0x635240abc3e0 (33 bytes)
1770813104.116275 sending message 105 to peer 0x635240abc3e0 (37 bytes)
1770813104.116286 sending message 105 to peer 0x635240abc3e0 (28 bytes)
1770813104.116295 sending message 105 to peer 0x635240abc3e0 (34 bytes)
1770813104.116304 sending message 105 to peer 0x635240abc3e0 (37 bytes)
1770813104.116313 sending message 105 to peer 0x635240abc3e0 (43 bytes)
1770813104.116321 sending message 105 to peer 0x635240abc3e0 (47 bytes)
1770813104.116330 sending message 105 to peer 0x635240abc3e0 (24 bytes)
1770813104.116339 sending message 105 to peer 0x635240abc3e0 (49 bytes)
1770813104.116348 sending message 105 to peer 0x635240abc3e0 (83 bytes)
1770813104.116356 sending message 105 to peer 0x635240abc3e0 (123 bytes)
1770813104.116365 sending message 105 to peer 0x635240abc3e0 (32 bytes)
1770813104.116374 sending message 105 to peer 0x635240abc3e0 (40 bytes)
1770813104.116383 sending message 105 to peer 0x635240abc3e0 (94 bytes)
1770813104.116393 sending message 105 to peer 0x635240abc3e0 (1151 bytes)
1770813104.116405 sending message 105 to peer 0x635240abc3e0 (53 bytes)
1770813104.116415 sending message 105 to peer 0x635240abc3e0 (25 bytes)
1770813104.116423 sending message 105 to peer 0x635240abc3e0 (56 bytes)
1770813104.116431 sending message 105 to peer 0x635240abc3e0 (46 bytes)
1770813104.116440 sending message 105 to peer 0x635240abc3e0 (48 bytes)
1770813104.116449 sending message 105 to peer 0x635240abc3e0 (24 bytes)
1770813104.116458 sending message 105 to peer 0x635240abc3e0 (70 bytes)
1770813104.116467 sending message 105 to peer 0x635240abc3e0 (11 bytes)
1770813104.116476 sending message 105 to peer 0x635240abc3e0 (20 bytes)
1770813104.116484 sending message 105 to peer 0x635240abc3e0 (78 bytes)
1770813104.116493 sending message 105 to peer 0x635240abc3e0 (16 bytes)
1770813104.116501 sending message 106 to peer 0x635240abc3e0 (0 bytes)
1770813104.120270 sending message 200 to peer 0x635240abc3e0 (4 bytes)
1770813104.120684 client loop enter
1770813104.120811 client_signal: Child exited
1770813105.273933 peer 0x635240abc3e0 message 207
1770813105.274720 sending message 208 to peer 0x635240abc3e0 (0 bytes)
1770813207.325336 client_signal: Window changed
1770813207.473912 sending message 208 to peer 0x635240abc3e0 (0 bytes)
1770813207.474195 client_signal: Window changed
1770813207.474220 sending message 208 to peer 0x635240abc3e0 (0 bytes)
1770813295.842462 client_signal: Window changed
1770813296.028119 sending message 208 to peer 0x635240abc3e0 (0 bytes)
1770813323.025359 client_signal: Hangup
1770813323.189685 sending message 205 to peer 0x635240abc3e0 (0 bytes)
1770813323.192749 peer 0x635240abc3e0 message 204
1770813323.192805 client loop exit
